<?xml version="1.0" encoding="UTF-8"?>
<testng-results skipped="0" failed="0" ignored="0" total="1" passed="1">
  <reporter-output>
  </reporter-output>
  <suite name="Default suite" duration-ms="144" started-at="2022-09-21T12:46:08 IST" finished-at="2022-09-21T12:46:08 IST">
    <groups>
    </groups>
    <test name="Default test" duration-ms="144" started-at="2022-09-21T12:46:08 IST" finished-at="2022-09-21T12:46:08 IST">
      <class name="Annotation.Example">
        <test-method status="PASS" signature="loginlogouttest()[pri:0, instance:Annotation.Example@646d64ab]" name="loginlogouttest" duration-ms="20" started-at="2022-09-21T12:46:08 IST" finished-at="2022-09-21T12:46:08 IST">
          <reporter-output>
          </reporter-output>
        </test-method> <!-- loginlogouttest -->
      </class> <!-- Annotation.Example -->
    </test> <!-- Default test -->
  </suite> <!-- Default suite -->
</testng-results>
