<?xml version="1.0" encoding="UTF-8"?>
<testng-results skipped="0" failed="0" total="1" passed="1">
  <reporter-output>
  </reporter-output>
  <suite name="Default suite" duration-ms="40195" started-at="2022-05-29T20:24:26Z" finished-at="2022-05-29T20:25:06Z">
    <groups>
      <group name="cucumber">
        <method signature="AbstractTestNGCucumberTests.runScenario(cucumber.api.testng.PickleEventWrapper, cucumber.api.testng.CucumberFeatureWrapper)[pri:0, instance:runner.Vtiger1runner@769f71a9]" name="runScenario" class="cucumber.api.testng.AbstractTestNGCucumberTests"/>
      </group> <!-- cucumber -->
    </groups>
    <test name="Default test" duration-ms="40195" started-at="2022-05-29T20:24:26Z" finished-at="2022-05-29T20:25:06Z">
      <class name="runner.Vtiger1runner">
        <test-method status="PASS" signature="setUpClass()[pri:0, instance:runner.Vtiger1runner@769f71a9]" name="setUpClass" is-config="true" duration-ms="563" started-at="2022-05-30T01:54:26Z" finished-at="2022-05-30T01:54:26Z">
          <reporter-output>
          </reporter-output>
        </test-method> <!-- setUpClass -->
        <test-method status="PASS" signature="runScenario(cucumber.api.testng.PickleEventWrapper, cucumber.api.testng.CucumberFeatureWrapper)[pri:0, instance:runner.Vtiger1runner@769f71a9]" name="runScenario" duration-ms="39455" started-at="2022-05-30T01:54:26Z" description="Runs Cucumber Scenarios" data-provider="scenarios" finished-at="2022-05-30T01:55:06Z">
          <params>
            <param index="0">
              <value>
                <![CDATA["Verify user is able to login in the application with valid credentinal"]]>
              </value>
            </param>
            <param index="1">
              <value>
                <![CDATA["Check Vtiger all Functionalities in detail"]]>
              </value>
            </param>
          </params>
          <reporter-output>
          </reporter-output>
        </test-method> <!-- runScenario -->
        <test-method status="PASS" signature="tearDownClass()[pri:0, instance:runner.Vtiger1runner@769f71a9]" name="tearDownClass" is-config="true" duration-ms="76" started-at="2022-05-30T01:55:06Z" finished-at="2022-05-30T01:55:06Z">
          <reporter-output>
          </reporter-output>
        </test-method> <!-- tearDownClass -->
      </class> <!-- runner.Vtiger1runner -->
    </test> <!-- Default test -->
  </suite> <!-- Default suite -->
</testng-results>
